MQNPOMTTQQNIIAHO&19328
XUFEHRUUTDYLDQOK&40393
FYYDKCOYOHKRQTUD&23764
PBFDXTWSSJMLDHTV&68138
BMDCMSUYAQGOCJFN&21642
VEMUHMFFMWMYKUXO&8500
RCALSMQXKIFFDIHG&32577
HICTPCVYBROXIDUQ&77948
TQNXQMTYEFAULGIK&45368
JGLPQCWOKXIVABOL&79472
TFSYKIVGVTYVIJJP&51988
IAIAIHAKKREXHGSC&88373
UMKARMLJURYSGVWK&70610
YJRRHMICQOFVVBIK&37808
DRXRXBKMGTKYKRHM&63541
KXKLNUIQTQBCCNNG&9515
GMFUSSWQVXLKOGCN&62914
JHQOSTWTEXJVBRNR&8198
PRNLYRGDOXCDSBFQ&18104
KHBLQISWVEMJAYSK&39687
SDXPCSMKCUVFXMEI&18832
NPUQTKFODUSAYGEE&61921
IALSFDQDAWXNUFYE&33516
NQJFIURYBCQTCMRV&25596
IYURMCFELAIPSJCY&89215
YMFDAQQRIYILBRIJ&33804
ESHWACYFHXROOPOB&62500
TPOWSPKFECIBUIPB&53274
CTMJRMLLGQQRKLFD&71730
ETIGGNKGJFSSCXJL&510
VOIRCNGYSHDGKVOW&89357
XEMTMTWMPGYXGDTX&87834
ORFYKDOHLKQHICPG&97659
VEBLHSYJBPINGUEC&52869
PQCLPCHIIGCUPGBN&23369
GONQDRICEPAWRNDW&84376
MSHYRLTDILAXGVER&25075
NLUKGJOEPNSSCUFE&10264
XVOCYRLXJHBXJGMB&46709
SPXBRCCVHREJLQJH&59827
PNXUUCDJYTYNMRBK&4816
OWOIKGYBUYKYNTHM&47954
SQTPFAHPPLSARAVM&69762
HLHPMJQUKRFWYCCL&20955
GRHVEYOVHEJHAPMB&6796
UPTVVLQKXRFBOLYU&14584
WFWJYURMKWSNWNLO&25905
SXIBNVPUVCWEILFO&38250
KWALMTHRMWEFRSHA&93294
BWEVOPOCMVWQAYDW&49596
HFINRJHAQLHBFIDA&37841
WIOABRYJFUXSXRFT&33482
QDEJDNQQOHHSXRDT&50341
FIUFOMIWDTNNMTGT&84973
ODVGQOEGQRLXBFAD&605
BSIMJMCNGOEUCDUL&26557
ORDGFQVWCLBQFOYU&49554
WUUIIBEISKMLMNOJ&27061
LLOXLCHARULJDTVQ&2143
EKREPBYOIIABXWFC&92986
NADAEKAAUVRXGOFD&56143
GHHDSICPVLJRMVNK&87469
LXCCJMBIRDKEMHIF&83773
ASKXYYFVEJYBRQSY&19263
EYQVLGMGLEWWESKO&67017
