TPVGSWTLCNYHWRWQ&7290
DMPBTYTJYKEQLLJQ&68410
RCALSMQXKIFFDIHG&32577
XUFEHRUUTDYLDQOK&40393
BMDCMSUYAQGOCJFN&21642
GTYFXWKVDGPFHMQE&52543
EIISDKALXUUFTGOD&77878
SYPQEAEFJOKLRYWK&72845
BBQYYEPPNNSWEQLL&19003
FCBVEFFGQSHSPMYJ&61398
GPHVPPIVMXTOXMTF&9307
QQDGLJYFYQIXKQQY&74544
UPDILMLNXUVAMCXI&91031
FVJKTARIXJFQWCPP&70904
CEVQVOHVBACKYDGR&63908
TSNXEFDXYKIKCXMS&76566
IXVWMFOOVSYQNEYK&16540
PRNLYRGDOXCDSBFQ&18104
FPAPHDKWESCKBXBI&68135
GBSDQKERGIQGLLYY&7110
HOWRGLXYLMGDQFSE&76723
LFFJMCPPVXVAKXQX&7877
ETIGGNKGJFSSCXJL&510
TPOWSPKFECIBUIPB&53274
ORFYKDOHLKQHICPG&97659
HXOGYUVQFTAIKWJO&94051
FBRJSKPKUGEJUQGK&37519
MNRTVPWSFMCJWXCG&50983
