IIJBFHLEAUVMUNRC&8343
DMPBTYTJYKEQLLJQ&68410
EJBQWSRTEGMBLFUG&34395
KAKAKDGPBTMOSDPE&96272
EIISDKALXUUFTGOD&77878
GPHVPPIVMXTOXMTF&9307
GNRCDROKAUDVXJLH&51272
MCJNKGQSMGMRDSYH&25213
UCBFTDUVJYLOMEEU&40004
YDACFVKWPNLYQVSX&34470
PASMBQISSJDMWGJO&42764
TVFMNGIKFKCESNFN&56612
NOATHXMIYOSVQNPM&7204
HOWRGLXYLMGDQFSE&76723
BXYEQUKILFSYVNTA&48754
YOXMBIROMPMWPRKE&97708
CXWCXWJDJXPNWENI&77778
BNBEQHTTBRBYJPFK&65661
HXOGYUVQFTAIKWJO&94051
FBRJSKPKUGEJUQGK&37519
MGTKUJWUYIICYGWT&55316
JGTCRBGUALCVCAEJ&81598
UQSVXKXYJXMSSFGG&49066
TGSHYDQYRNWSSNDJ&92960
LFFJMCPPVXVAKXQX&7877
JACJTUCDKQCCOBHO&51786
ALQIYHMCQXJFODFR&31990
AUIXFYEUVEWBOFQQ&11416
UTQLKSUSEYMXMGYM&38649
JEANMYBMALJNNLDP&66291
IAXXPDTEGFQFVIJN&88174
FSBRERAXBWSACGVK&55023
KBYFYRQOQOLXUYJA&41637
PDMOPBVYTDSTIXJK&47985
VMNBFWWVVELMFCNO&19591
EUGVSHXOJOCERARC&56370
VNPXXKOCAKLQNVUG&74308
HXSACLTWNIWBNRVV&32727
OJTDSUJDGQABJEDN&68061
FHJDXSGRGHAXHNRT&51065
IMGJWKRGQQJTDXAW&53018
TPTKKEHECKELKSNV&53902
KRHIGQPFVPFQCKWW&87011
CRTKGNRBJGLEVNWF&54379
XKOYVBJUHBSAGHUA&7919
PJJXAEJJNXHOCNWC&94865
NWVGXBUKIPKCDOFD&23131
BJTCXTWKLJWRKHGJ&23977
DGRFRDPDWLNQSYWH&15214
BMIVFPULXBBKYRAF&63456
PTNAWIWOBUSXXCAT&87418
PVPDEOSXCRDSXQHK&5995
OAKKTSMVWMRTQLPA&88436
EDVGAXNAVQOCABLJ&33553
UBCAUAPHNDLGDGFM&33864
UMXLPEBPIUNPARGN&59973
UJSNGIWURFRNOXQP&92455
DAFNFUDXWSCCUSJY&83977
KWTAYCXFHICDSHXL&43574
WCDGYYLQEIIHWJDM&40546
QPUJHPHVGWMABFRH&46592
USWTTMYVVDOEHFYQ&63546
UCRNPICOYGXATGPI&1985
UGONWMAFKYRXWTLL&37003
BXAMCXBCELNGBDIT&134
HOTSQBUFBBCVBAFE&15399
SWGVHIECSHPJVCJO&13481
QQVMKPRXBVHUJOUO&60697
YPBAROUCHDFNJFXQ&90200
BHKYMGLEAINHQOGQ&79477
QUSMMUOBXINTAGQW&78272
FYBSSEIBOPJDSCLC&29077
JHDWUMIEDWQQJGRR&80245
SUSRQPHFTFFOIFQV&4235
